<?xml version="1.0" encoding="UTF-8" standalone="no"?>
<!DOCTYPE log SYSTEM "logger.dtd">
<log>
<record>
  <date>2023-09-04T02:36:27.759724600Z</date>
  <millis>1693794987759</millis>
  <nanos>724600</nanos>
  <sequence>0</sequence>
  <logger>ManagerLog</logger>
  <level>INFO</level>
  <class>com.walit.pass.PasswordManager</class>
  <method>run</method>
  <thread>1</thread>
  <message>Successful startup.</message>
</record>
<record>
  <date>2023-09-04T02:36:48.919599700Z</date>
  <millis>1693795008919</millis>
  <nanos>599700</nanos>
  <sequence>1</sequence>
  <logger>ManagerLog</logger>
  <level>INFO</level>
  <class>com.walit.pass.PasswordManager</class>
  <method>run</method>
  <thread>1</thread>
  <message>Successful termination.</message>
</record>
</log>
